<?xml version="1.0" encoding="UTF-8"?>
<testsuites name="Mocha Tests" time="15504.188" tests="2" failures="1">
  <testsuite name="Root Suite" timestamp="2023-05-21T19:14:35" tests="0" file="cypress/e2e/search_visual.cy.js" time="0.000" failures="0">
  </testsuite>
  <testsuite name="Search for books - eyes" timestamp="2023-05-21T19:14:35" tests="2" time="0.000" failures="1">
    <testcase name="Search for books - eyes &quot;before each&quot; hook for &quot;eyes should return one book with title Agile Testing&quot;" time="0.000" classname="&quot;before each&quot; hook for &quot;eyes should return one book with title Agile Testing&quot;">
      <failure message="`cy.visit()` failed trying to load:

https://abookstore.azurewebsites.ne/

We attempted to make an http request to this URL but the request failed without a response.

We received this error at the network level:

  &gt; Error: getaddrinfo ENOTFOUND abookstore.azurewebsites.ne

Common situations why this would fail:
  - you don&apos;t have internet access
  - you forgot to run / boot your web server
  - your web server isn&apos;t accessible
  - you have weird network configuration settings on your computer

Because this error occurred during a `before each` hook we are skipping the remaining tests in the current suite: `Search for books - eyes`" type="CypressError"><![CDATA[CypressError: `cy.visit()` failed trying to load:

https://abookstore.azurewebsites.ne/

We attempted to make an http request to this URL but the request failed without a response.

We received this error at the network level:

  > Error: getaddrinfo ENOTFOUND abookstore.azurewebsites.ne

Common situations why this would fail:
  - you don't have internet access
  - you forgot to run / boot your web server
  - your web server isn't accessible
  - you have weird network configuration settings on your computer

Because this error occurred during a `before each` hook we are skipping the remaining tests in the current suite: `Search for books - eyes`
    at <unknown> (http://localhost:50165/__cypress/runner/cypress_runner.js:147677:82)
    at visitFailedByErr (http://localhost:50165/__cypress/runner/cypress_runner.js:147069:12)
    at <unknown> (http://localhost:50165/__cypress/runner/cypress_runner.js:147676:11)
    at tryCatcher (http://localhost:50165/__cypress/runner/cypress_runner.js:18744:23)
    at Promise._settlePromiseFromHandler (http://localhost:50165/__cypress/runner/cypress_runner.js:16679:31)
    at Promise._settlePromise (http://localhost:50165/__cypress/runner/cypress_runner.js:16736:18)
    at Promise._settlePromise0 (http://localhost:50165/__cypress/runner/cypress_runner.js:16781:10)
    at Promise._settlePromises (http://localhost:50165/__cypress/runner/cypress_runner.js:16857:18)
    at _drainQueueStep (http://localhost:50165/__cypress/runner/cypress_runner.js:13451:12)
    at _drainQueue (http://localhost:50165/__cypress/runner/cypress_runner.js:13444:9)
    at ../../node_modules/bluebird/js/release/async.js.Async._drainQueues (http://localhost:50165/__cypress/runner/cypress_runner.js:13460:5)
    at Async.drainQueues (http://localhost:50165/__cypress/runner/cypress_runner.js:13330:14)
From Your Spec Code:
    at Context.eval (webpack:///./cypress/e2e/search_visual.cy.js:3:7)

From Node.js Internals:
  Error: getaddrinfo ENOTFOUND abookstore.azurewebsites.ne
      at GetAddrInfoReqWrap.onlookup [as oncomplete] (node:dns:71:26)]]></failure>
    </testcase>
  </testsuite>
</testsuites>